0 info it worked if it ends with ok
1 verbose cli [ '/usr/local/bin/node', '/usr/local/bin/npm', 'publish' ]
2 info using npm@3.3.12
3 info using node@v5.1.1
4 verbose publish [ '.' ]
5 silly cache add args [ '.', null ]
6 verbose cache add spec .
7 silly cache add parsed spec Result {
7 silly cache add   raw: '.',
7 silly cache add   scope: null,
7 silly cache add   name: null,
7 silly cache add   rawSpec: '.',
7 silly cache add   spec: '/Users/mata/AppHub/apphub-ios',
7 silly cache add   type: 'directory' }
8 verbose addLocalDirectory /Users/mata/.npm/apphub/0.3.1/package.tgz not in flight; packing
9 info lifecycle apphub@0.3.1~prepublish: apphub@0.3.1
10 silly lifecycle apphub@0.3.1~prepublish: no script for prepublish, continuing
11 verbose tar pack [ '/Users/mata/.npm/apphub/0.3.1/package.tgz',
11 verbose tar pack   '/Users/mata/AppHub/apphub-ios' ]
12 verbose tarball /Users/mata/.npm/apphub/0.3.1/package.tgz
13 verbose folder /Users/mata/AppHub/apphub-ios
14 verbose addLocalTarball adding from inside cache /Users/mata/.npm/apphub/0.3.1/package.tgz
15 silly cache afterAdd apphub@0.3.1
16 verbose afterAdd /Users/mata/.npm/apphub/0.3.1/package/package.json not in flight; writing
17 verbose afterAdd /Users/mata/.npm/apphub/0.3.1/package/package.json written
18 silly publish { name: 'apphub',
18 silly publish   version: '0.3.1',
18 silly publish   description: 'React Native module for integrating with AppHub',
18 silly publish   main: 'index.js',
18 silly publish   bin: { apphub: './cli/index.js' },
18 silly publish   repository:
18 silly publish    { type: 'git',
18 silly publish      url: 'https://github.com/AppHubPlatform/apphub.git' },
18 silly publish   author: { name: 'AppHub', email: 'support@apphub.io' },
18 silly publish   license: 'BSD-3-Clause',
18 silly publish   bugs: { url: 'https://github.com/AppHubPlatform/apphub/issues' },
18 silly publish   dependencies: { mkdirp: '^0.5.1', 'node-uuid': '^1.4.7', yargs: '^3.31.0' },
18 silly publish   homepage: 'https://github.com/AppHubPlatform/apphub',
18 silly publish   readme: '# AppHub\n\n![](https://circleci.com/gh/AppHubPlatform/apphub-ios.png?circle-token=shield)\n\napphub-ios is an iOS client for [AppHub](https://apphub.io).\n\nAppHub lets you instantly update React Native apps without resubmitting to the App Store.\n\nSpecial thanks to [Alex Akers](https://github.com/a2) and [Ben Edelstein](https://github.com/benthehenten) for their contributions to the library!\n\n#### Features\n\n- Instantly update app code and images without resubmitting to TestFlight or the App Store.\n- Manage compatability between multiple native and JavaScript versions of your app.\n- Download updates in the background, or while your app is executing.\n- Seamlessly "hot swap" updates during app use.\n- Require that testers and users are on the latest version of your app.\n\n\n## Getting Started\n\nThe [AppHub Developer Dashboard](https://dashboard.apphub.io) is a service which hosts and manages versions of your React Native app. [Sign up with GitHub](https://dashboard.apphub.io) to get started.\n\n![Image of AppHub Dashboard](http://i.imgur.com/x8p3zfj.png)\n\nOnce you sign up, the dashboard will walk you through incorporating the AppHub SDK into your React Native app.\n\n## Hosting your own AppHub Server\n\nSome developers wish to configure their own backend to host and serve builds to mobile clients. This is an advanced feature; most developers choose to use AppHub hosting and the AppHub developer dashboard.\n\nWe are working on making this process easier. In the meantime, we\'d love to take PRs for improved documentation and hosting support!\n\n## Developer Resources\n\nBuilding a React Native app with AppHub?\n\n- iOS Documentation: iOS API documentation is available at [https://apphub.io/api/ios/](https://apphub.io/api/ios/)\n- Documentation: AppHub documentation is available at [http://docs.apphub.io](http://docs.apphub.io)\n- Example project: check out [this example project](https://github.com/AppHubPlatform/AppHubStarterProject) which alets users when new a new version of your app becomes available.\n- Announcement list: sign up at [https://apphub.io](https://apphub.io)\n\nInterested in contributing to AppHub?\n\n- Issue tracker: [https://github.com/AppHubPlatform/apphub-ios/issues](https://github.com/AppHubPlatform/apphub-ios/issues)\n- Ask a question: [http://docs.apphub.io/discuss](http://docs.apphub.io/discuss)\n\nWe are hiring! Visit [https://apphub.io/jobs](https://apphub.io/jobs) to learn more about working on the AppHub project.\n\n',
18 silly publish   readmeFilename: 'README.md',
18 silly publish   gitHead: '285c1e09948385a9e61542481637d7e1f22c54fb',
18 silly publish   _id: 'apphub@0.3.1',
18 silly publish   scripts: {},
18 silly publish   _shasum: '36e11e58ec1ae3f5b47280485ae45336e3553556',
18 silly publish   _from: '.' }
19 verbose getPublishConfig undefined
20 silly mapToRegistry name apphub
21 silly mapToRegistry using default registry
22 silly mapToRegistry registry https://registry.npmjs.org/
23 silly mapToRegistry uri https://registry.npmjs.org/apphub
24 verbose publish registryBase https://registry.npmjs.org/
25 silly publish uploading /Users/mata/.npm/apphub/0.3.1/package.tgz
26 verbose request uri https://registry.npmjs.org/apphub
27 verbose request sending authorization for write operation
28 info attempt registry request try #1 at 11:43:48 PM
29 verbose request using bearer token for auth
30 verbose request id 91e3f3faa938480b
31 http request PUT https://registry.npmjs.org/apphub
32 http 403 https://registry.npmjs.org/apphub
33 verbose headers { 'content-type': 'application/json',
33 verbose headers   'cache-control': 'max-age=300',
33 verbose headers   'content-length': '95',
33 verbose headers   'accept-ranges': 'bytes',
33 verbose headers   date: 'Sat, 12 Dec 2015 04:44:23 GMT',
33 verbose headers   via: '1.1 varnish',
33 verbose headers   connection: 'keep-alive',
33 verbose headers   'x-served-by': 'cache-iad2143-IAD',
33 verbose headers   'x-cache': 'MISS',
33 verbose headers   'x-cache-hits': '0',
33 verbose headers   'x-timer': 'S1449895430.726788,VS0,VE32377' }
34 verbose request invalidating /Users/mata/.npm/registry.npmjs.org/apphub on PUT
35 error publish Failed PUT 403
36 verbose stack Error: "You cannot publish over the previously published version 0.3.1." : apphub
36 verbose stack     at makeError (/usr/local/lib/node_modules/npm/node_modules/npm-registry-client/lib/request.js:264:12)
36 verbose stack     at CachingRegistryClient.<anonymous> (/usr/local/lib/node_modules/npm/node_modules/npm-registry-client/lib/request.js:252:14)
36 verbose stack     at Request._callback (/usr/local/lib/node_modules/npm/node_modules/npm-registry-client/lib/request.js:172:14)
36 verbose stack     at Request.self.callback (/usr/local/lib/node_modules/npm/node_modules/request/request.js:198:22)
36 verbose stack     at emitTwo (events.js:87:13)
36 verbose stack     at Request.emit (events.js:172:7)
36 verbose stack     at Request.<anonymous> (/usr/local/lib/node_modules/npm/node_modules/request/request.js:1082:10)
36 verbose stack     at emitOne (events.js:82:20)
36 verbose stack     at Request.emit (events.js:169:7)
36 verbose stack     at IncomingMessage.<anonymous> (/usr/local/lib/node_modules/npm/node_modules/request/request.js:1009:12)
37 verbose statusCode 403
38 verbose pkgid apphub
39 verbose cwd /Users/mata/AppHub/apphub-ios
40 error Darwin 14.5.0
41 error argv "/usr/local/bin/node" "/usr/local/bin/npm" "publish"
42 error node v5.1.1
43 error npm  v3.3.12
44 error code E403
45 error "You cannot publish over the previously published version 0.3.1." : apphub
46 error If you need help, you may report this error at:
46 error     <https://github.com/npm/npm/issues>
47 verbose exit [ 1, true ]
